RemixPA Changelog from 01/27/2014 - 01/28/2014
---------------------------------------------------------------

Project: packages/apps/Camera2
 Doris Liu - Set default video quality to the highest

Project: packages/apps/Browser
 Veeti Paananen - Always show the action bar overflow

Project: packages/apps/ParanoidOTA
 xilence2210 - Version: Fix both rom and gapps version format
 xilence2210 - Version: Fix phase display
 xilence2210 - Update: Add RemixPA server

Project: vendor/pa
 xilence2210 - update verifier
 xilence2210 - OTA: RemixPA OTA system (2/2)
 xilence2210 - OTA system: vendor part

Project: build
 xilence2210 - OTA: add more exclude apps and fix
 xilence2210 - OTA: introduce exclude and add prefix
 xilence2210 - OTA: fix packages name
 xilence2210 - OTA: RemixPA OTA 1.0 (1/2)
 xilence2210 - OTA: back to life

Project: frameworks/opt/telephony
 Daniele Di Conza - SamsungQualcommRil: fix typo

Project: frameworks/av
 Roger1 Jonsson - Avoid jumps to faulty position after seeks
 Thomas Wendt - libnbaio: Fix previous get_presentation_position commit
 Yin Liu - Long mp3 metadata displays as corrupted file after transfer
 synergy dev - libeffects: do not use GNU old-style field designators

Project: frameworks/base
 qqzhou - Webkit: add to support file uploading
 xilence2210 - zh-rCN: upUdate Immersive mode translation

Project: hardware/qcom/audio
 synergydev - voice_processing: do not use GNU old-style field designators
 synergy dev - Visualizer: do not use GNU old-style field designators

Project: device/lge/e975
 xilence2210 - Add lightbulb overlay for app and core.

Project: .repo/manifests
 xilence2210 - track cm webview

Project: manifest
 xilence2210 - track cm webview

---------------------------------------------------------------
You can see more changelog from http://github.com/RemixPA
